Using pre-set license
Built from '2020.3/staging' branch; Version is '2020.3.11f1 (99c7afb366b3) revision 10078127'; Using compiler version '192528614'; Build Type 'Release'
OS: 'Windows 10 Home; OS build 19043.1466; Version 2009; 64bit' Language: 'ja' Physical Memory: 16188 MB
BatchMode: 1, IsHumanControllingUs: 0, StartBugReporterOnCrash: 0, Is64bit: 1, IsPro: 0

 COMMAND LINE ARGUMENTS:
C:\Program Files\Unity\Hub\Editor\2020.3.11f1\Editor\Unity.exe
-adb2
-batchMode
-noUpm
-name
AssetImportWorker0
-projectPath
C:/Users/Kento/unityGame/AbyssalDogma
-logFile
Logs/AssetImportWorker0.log
-srvPort
56831
Successfully changed project path to: C:/Users/Kento/unityGame/AbyssalDogma
C:/Users/Kento/unityGame/AbyssalDogma
Using Asset Import Pipeline V2.
Refreshing native plugins compatible for Editor in 58.16 ms, found 3 plugins.
Preloading 0 native plugins for Editor in 0.00 ms.
Initialize engine version: 2020.3.11f1 (99c7afb366b3)
[Subsystems] Discovering subsystems at path C:/Program Files/Unity/Hub/Editor/2020.3.11f1/Editor/Data/Resources/UnitySubsystems
[Subsystems] Discovering subsystems at path C:/Users/Kento/unityGame/AbyssalDogma/Assets
GfxDevice: creating device client; threaded=0
Direct3D:
    Version:  Direct3D 11.0 [level 11.1]
    Renderer: NVIDIA GeForce RTX 2060 (ID=0x1f11)
    Vendor:   
    VRAM:     5980 MB
    Driver:   27.21.14.6275
Shader 'Universal Render Pipeline/Particles/Lit': fallback shader 'Universal Render Pipeline/Particles/SimpleLit' not found
Initialize mono
Mono path[0] = 'C:/Program Files/Unity/Hub/Editor/2020.3.11f1/Editor/Data/Managed'
Mono path[1] = 'C:/Program Files/Unity/Hub/Editor/2020.3.11f1/Editor/Data/MonoBleedingEdge/lib/mono/unityjit'
Mono config path = 'C:/Program Files/Unity/Hub/Editor/2020.3.11f1/Editor/Data/MonoBleedingEdge/etc'
Using monoOptions --debugger-agent=transport=dt_socket,embedding=1,server=y,suspend=n,address=127.0.0.1:56952
Begin MonoManager ReloadAssembly
Registering precompiled unity dll's ...
Register platform support module: C:/Program Files/Unity/Hub/Editor/2020.3.11f1/Editor/Data/PlaybackEngines/WebGLSupport/UnityEditor.WebGL.Extensions.dll
Register platform support module: C:/Program Files/Unity/Hub/Editor/2020.3.11f1/Editor/Data/PlaybackEngines/WindowsStandaloneSupport/UnityEditor.WindowsStandalone.Extensions.dll
Registered in 0.002748 seconds.
Native extension for WindowsStandalone target not found
Native extension for WebGL target not found
Refreshing native plugins compatible for Editor in 49.40 ms, found 3 plugins.
Preloading 0 native plugins for Editor in 0.00 ms.
Mono: successfully reloaded assembly
- Completed reload, in  2.262 seconds
Platform modules already initialized, skipping
Registering precompiled user dll's ...
Registered in 0.006097 seconds.
Begin MonoManager ReloadAssembly
Native extension for WindowsStandalone target not found
Native extension for WebGL target not found
Refreshing native plugins compatible for Editor in 50.77 ms, found 3 plugins.
Preloading 0 native plugins for Editor in 0.00 ms.
Mono: successfully reloaded assembly
- Completed reload, in  1.123 seconds
Platform modules already initialized, skipping
========================================================================
Worker process is ready to serve import requests
Shader 'Universal Render Pipeline/Particles/Lit': fallback shader 'Universal Render Pipeline/Particles/SimpleLit' not found
Launched and connected shader compiler UnityShaderCompiler.exe after 0.07 seconds
Refreshing native plugins compatible for Editor in 0.51 ms, found 3 plugins.
Preloading 0 native plugins for Editor in 0.00 ms.
Unloading 2763 Unused Serialized files (Serialized files now loaded: 0)
System memory in use before: 149.9 MB.
System memory in use after: 150.1 MB.

Unloading 28 unused Assets to reduce memory usage. Loaded Objects now: 3223.
Total: 2.597100 ms (FindLiveObjects: 0.281100 ms CreateObjectMapping: 0.121900 ms MarkObjects: 2.037800 ms  DeleteObjects: 0.155200 ms)

AssetImportParameters requested are different than current active one (requested -> active):
  requireTextureImportCompression: false -> true
========================================================================
Received Import Request.
  path: Assets/Resources
  artifactKey: Guid(4cf1c2cb8eb658f49b0fa0e95af0cd54) Importer(815301076,1909f56bfc062723c751e8b465ee728b)
Start importing Assets/Resources using Guid(4cf1c2cb8eb658f49b0fa0e95af0cd54) Importer(815301076,1909f56bfc062723c751e8b465ee728b)  -> (artifact id: 'b702942d3138e0ae3622db692d769217') in 0.005437 seconds
  Import took 0.009259 seconds .

========================================================================
Received Import Request.
  Time since last request: 11.526816 seconds.
  path: Assets/Resources/Effekseer
  artifactKey: Guid(3aaa77315a616704bb5ba8e46c06c209) Importer(815301076,1909f56bfc062723c751e8b465ee728b)
Start importing Assets/Resources/Effekseer using Guid(3aaa77315a616704bb5ba8e46c06c209) Importer(815301076,1909f56bfc062723c751e8b465ee728b)  -> (artifact id: '8559400b4af2270e8ae9088dfc946e9d') in 0.002904 seconds
  Import took 0.007984 seconds .

========================================================================
Received Import Request.
  Time since last request: 15.529433 seconds.
  path: Assets/Resources/Effekseer/Texture
  artifactKey: Guid(90ae5ece2eaf4f0418eb20a43b6c53ef) Importer(815301076,1909f56bfc062723c751e8b465ee728b)
Start importing Assets/Resources/Effekseer/Texture using Guid(90ae5ece2eaf4f0418eb20a43b6c53ef) Importer(815301076,1909f56bfc062723c751e8b465ee728b)  -> (artifact id: 'd831ba1e9970f8b046a5ecef9c9afe24') in 0.002955 seconds
  Import took 0.007090 seconds .

========================================================================
Received Import Request.
  Time since last request: 11.082502 seconds.
  path: Assets/Resources/Effekseer/Texture/fire.png
  artifactKey: Guid(83f19adae44cd7c43ac2d831381d7559) Importer(815301076,1909f56bfc062723c751e8b465ee728b)
Start importing Assets/Resources/Effekseer/Texture/fire.png using Guid(83f19adae44cd7c43ac2d831381d7559) Importer(815301076,1909f56bfc062723c751e8b465ee728b)  -> (artifact id: 'dfb5780d69d159034dec2852157d34a6') in 0.071598 seconds
  Import took 0.075613 seconds .

========================================================================
Received Import Request.
  Time since last request: 14.030226 seconds.
  path: Assets/Resources/Effekseer/AttackEffect.asset
  artifactKey: Guid(8ed18ba80b322804d9b7ecd06ef5f38b) Importer(815301076,1909f56bfc062723c751e8b465ee728b)
Start importing Assets/Resources/Effekseer/AttackEffect.asset using Guid(8ed18ba80b322804d9b7ecd06ef5f38b) Importer(815301076,1909f56bfc062723c751e8b465ee728b)  -> (artifact id: 'b005dbff37afdc1e1644bae8e4946dc1') in 0.019708 seconds
  Import took 0.025227 seconds .

========================================================================
Received Prepare
Registering precompiled user dll's ...
Registered in 0.005858 seconds.
Begin MonoManager ReloadAssembly
Native extension for WindowsStandalone target not found
Native extension for WebGL target not found
Refreshing native plugins compatible for Editor in 0.59 ms, found 3 plugins.
Preloading 0 native plugins for Editor in 0.00 ms.
Mono: successfully reloaded assembly
- Completed reload, in  0.993 seconds
Platform modules already initialized, skipping
Shader 'Universal Render Pipeline/Particles/Lit': fallback shader 'Universal Render Pipeline/Particles/SimpleLit' not found
Refreshing native plugins compatible for Editor in 0.52 ms, found 3 plugins.
Preloading 0 native plugins for Editor in 0.00 ms.
Unloading 2645 Unused Serialized files (Serialized files now loaded: 0)
System memory in use before: 142.0 MB.
System memory in use after: 142.2 MB.

Unloading 23 unused Assets to reduce memory usage. Loaded Objects now: 3229.
Total: 2.546600 ms (FindLiveObjects: 0.252800 ms CreateObjectMapping: 0.099700 ms MarkObjects: 2.058500 ms  DeleteObjects: 0.134700 ms)

AssetImportParameters requested are different than current active one (requested -> active):
  requireTextureImportCompression: false -> true
